2015-03-05 15:56:24.052 Study Kick Start[6660:376461] DiskCookieStorage changing policy from 2 to 0, cookie file: file:///Users/darian/Library/Developer/CoreSimulator/Devices/45ECF7AC-1575-49A6-92DD-EA2C1D751A85/data/Containers/Data/Application/56407580-1AB1-41BF-B883-D216FD055538/Library/Cookies/Cookies.binarycookies
2015-03-05 15:56:24.400 Study Kick Start[6660:376461] Apache Cordova native platform version 3.8.0 is starting.
2015-03-05 15:56:24.401 Study Kick Start[6660:376461] Multi-tasking -> Device: YES, App: YES
2015-03-05 15:56:24.425 Study Kick Start[6660:376461] Unlimited access to network resources
2015-03-05 15:56:24.436 Study Kick Start[6660:376461] 

Started backup to iCloud! Please be careful.
Your application might be rejected by Apple if you store too much data.
For more information please read "iOS Data Storage Guidelines" at:
https://developer.apple.com/icloud/documentation/data-storage/
To disable web storage backup to iCloud, set the BackupWebStorage preference to "local" in the Cordova config.xml file

2015-03-05 15:56:25.823 Study Kick Start[6660:376461] Resetting plugins due to page load.
2015-03-05 15:56:25.975 Study Kick Start[6660:376461] Finished load of: file:///Users/darian/Library/Developer/CoreSimulator/Devices/45ECF7AC-1575-49A6-92DD-EA2C1D751A85/data/Containers/Bundle/Application/023CAA5B-FCAC-466A-AFE6-BA704EC0E9E5/Study%20Kick%20Start.app/www/index.html
2015-03-05 18:08:41.159 Study Kick Start[7774:476109] DiskCookieStorage changing policy from 2 to 0, cookie file: file:///Users/darian/Library/Developer/CoreSimulator/Devices/45ECF7AC-1575-49A6-92DD-EA2C1D751A85/data/Containers/Data/Application/CADDD27A-A252-4666-8D6A-D3A19B95260D/Library/Cookies/Cookies.binarycookies
2015-03-05 18:08:41.456 Study Kick Start[7774:476109] Apache Cordova native platform version 3.8.0 is starting.
2015-03-05 18:08:41.456 Study Kick Start[7774:476109] Multi-tasking -> Device: YES, App: YES
2015-03-05 18:08:41.472 Study Kick Start[7774:476109] Unlimited access to network resources
2015-03-05 18:08:41.485 Study Kick Start[7774:476109] 

Started backup to iCloud! Please be careful.
Your application might be rejected by Apple if you store too much data.
For more information please read "iOS Data Storage Guidelines" at:
https://developer.apple.com/icloud/documentation/data-storage/
To disable web storage backup to iCloud, set the BackupWebStorage preference to "local" in the Cordova config.xml file

2015-03-05 18:08:42.467 Study Kick Start[7774:476109] Resetting plugins due to page load.
2015-03-05 18:08:42.697 Study Kick Start[7774:476109] Finished load of: file:///Users/darian/Library/Developer/CoreSimulator/Devices/45ECF7AC-1575-49A6-92DD-EA2C1D751A85/data/Containers/Bundle/Application/B2397131-07F0-4E8E-96BC-223EB7F9DD12/Study%20Kick%20Start.app/www/index.html
